<?xml version="1.0" encoding="UTF-8"?>
<testng-results ignored="0" total="1" passed="1" failed="0" skipped="0">
  <reporter-output>
  </reporter-output>
  <suite started-at="2023-07-07T17:58:54 ICT" name="Default suite" finished-at="2023-07-07T17:59:01 ICT" duration-ms="6622">
    <groups>
    </groups>
    <test started-at="2023-07-07T17:58:54 ICT" name="Default test" finished-at="2023-07-07T17:59:01 ICT" duration-ms="6622">
      <class name="Projects.get_row_and_column_method">
        <test-method is-config="true" signature="beforeTest()[pri:0, instance:Projects.get_row_and_column_method@3b0fe47a]" started-at="2023-07-07T17:58:54 ICT" name="beforeTest" finished-at="2023-07-07T17:58:55 ICT" duration-ms="1463" status="PASS">
          <reporter-output>
          </reporter-output>
        </test-method> <!-- beforeTest -->
        <test-method signature="Test()[pri:0, instance:Projects.get_row_and_column_method@3b0fe47a]" started-at="2023-07-07T17:58:55 ICT" name="Test" finished-at="2023-07-07T17:59:01 ICT" duration-ms="5136" status="PASS">
          <reporter-output>
          </reporter-output>
        </test-method> <!-- Test -->
      </class> <!-- Projects.get_row_and_column_method -->
    </test> <!-- Default test -->
  </suite> <!-- Default suite -->
</testng-results>
